<?xml version="1.0" encoding="UTF-8"?>
<testng-results ignored="0" total="1" passed="1" failed="0" skipped="0">
  <reporter-output>
  </reporter-output>
  <suite started-at="2021-07-19T20:59:32 IST" name="Default suite" finished-at="2021-07-19T20:59:55 IST" duration-ms="23508">
    <groups>
    </groups>
    <test started-at="2021-07-19T20:59:32 IST" name="Default test" finished-at="2021-07-19T20:59:55 IST" duration-ms="23508">
      <class name="com.appium.programs.touchAction.Tap_Click_BasedOnResolution">
        <test-method is-config="true" signature="startServer()[pri:0, instance:com.appium.programs.touchAction.Tap_Click_BasedOnResolution@7e0b85f9]" started-at="2021-07-19T20:59:32 IST" name="startServer" finished-at="2021-07-19T20:59:52 IST" duration-ms="20341" status="PASS">
          <reporter-output>
          </reporter-output>
        </test-method> <!-- startServer -->
        <test-method signature="tapUsingCoordinates()[pri:0, instance:com.appium.programs.touchAction.Tap_Click_BasedOnResolution@7e0b85f9]" started-at="2021-07-19T20:59:52 IST" name="tapUsingCoordinates" finished-at="2021-07-19T20:59:55 IST" duration-ms="3107" status="PASS">
          <reporter-output>
          </reporter-output>
        </test-method> <!-- tapUsingCoordinates -->
        <test-method is-config="true" signature="stopServer()[pri:0, instance:com.appium.programs.touchAction.Tap_Click_BasedOnResolution@7e0b85f9]" started-at="2021-07-19T20:59:55 IST" name="stopServer" finished-at="2021-07-19T20:59:55 IST" duration-ms="6" status="PASS">
          <reporter-output>
          </reporter-output>
        </test-method> <!-- stopServer -->
      </class> <!-- com.appium.programs.touchAction.Tap_Click_BasedOnResolution -->
    </test> <!-- Default test -->
  </suite> <!-- Default suite -->
</testng-results>
